<?xml version="1.0" encoding="UTF-8"?>
<testsuite name="org.cyoda.uuid.SimpleSystemClockTest" tests="2" skipped="0" failures="0" errors="0" timestamp="2026-03-20T17:11:29" hostname="MacBook-Pro-Mac1.local" time="0.011">
  <properties/>
  <testcase name="testUniqueMicroTime()" classname="org.cyoda.uuid.SimpleSystemClockTest" time="0.0"/>
  <testcase name="testConcurrentCalls()" classname="org.cyoda.uuid.SimpleSystemClockTest" time="0.011"/>
  <system-out><![CDATA[]]></system-out>
  <system-err><![CDATA[]]></system-err>
</testsuite>
