<?xml version="1.0" encoding="UTF-8"?>
<testsuite name="com.java_template.application.service.ProjectServiceTest" tests="5" skipped="0" failures="0" errors="0" timestamp="2026-03-20T17:11:29" hostname="MacBook-Pro-Mac1.local" time="0.006">
  <properties/>
  <testcase name="testGetProjectById_notFound()" classname="com.java_template.application.service.ProjectServiceTest" time="0.001"/>
  <testcase name="testCreateProject()" classname="com.java_template.application.service.ProjectServiceTest" time="0.001"/>
  <testcase name="testDeleteProject()" classname="com.java_template.application.service.ProjectServiceTest" time="0.001"/>
  <testcase name="testGetProjectById()" classname="com.java_template.application.service.ProjectServiceTest" time="0.001"/>
  <testcase name="testGetAllProjects()" classname="com.java_template.application.service.ProjectServiceTest" time="0.001"/>
  <system-out><![CDATA[]]></system-out>
  <system-err><![CDATA[]]></system-err>
</testsuite>
