<?xml version="1.0" encoding="UTF-8"?>
<testsuite name="com.java_template.common.workflow.ops.AlwaysTrueCriterionTest" tests="2" skipped="0" failures="0" errors="0" timestamp="2026-03-20T17:11:29" hostname="MacBook-Pro-Mac1.local" time="0.036">
  <properties/>
  <testcase name="testCheck()" classname="com.java_template.common.workflow.ops.AlwaysTrueCriterionTest" time="0.035"/>
  <testcase name="testSupports()" classname="com.java_template.common.workflow.ops.AlwaysTrueCriterionTest" time="0.0"/>
  <system-out><![CDATA[]]></system-out>
  <system-err><![CDATA[]]></system-err>
</testsuite>
