<?xml version="1.0" encoding="UTF-8"?>
<testsuite name="ExampleEntityCriterion Tests" tests="9" skipped="0" failures="0" errors="0" timestamp="2026-03-20T17:11:27" hostname="MacBook-Pro-Mac1.local" time="0.061">
  <properties/>
  <testcase name="Should handle empty exampleId as valid" classname="com.example.tests.ExampleEntityCriterionTest" time="0.038"/>
  <testcase name="Should support correct operation specification" classname="com.example.tests.ExampleEntityCriterionTest" time="0.001"/>
  <testcase name="Should not support different operation name" classname="com.example.tests.ExampleEntityCriterionTest" time="0.0"/>
  <testcase name="Should populate response with request metadata" classname="com.example.tests.ExampleEntityCriterionTest" time="0.003"/>
  <testcase name="Should return error when entity data is null" classname="com.example.tests.ExampleEntityCriterionTest" time="0.002"/>
  <testcase name="Should handle entity with minimal required fields" classname="com.example.tests.ExampleEntityCriterionTest" time="0.002"/>
  <testcase name="Should pass validation for valid entity" classname="com.example.tests.ExampleEntityCriterionTest" time="0.003"/>
  <testcase name="Should handle entity with all fields populated" classname="com.example.tests.ExampleEntityCriterionTest" time="0.005"/>
  <testcase name="Should fail validation when exampleId is null" classname="com.example.tests.ExampleEntityCriterionTest" time="0.004"/>
  <system-out><![CDATA[14:11:27.727 [Test worker] WARN com.example.application.criterion.ExampleEntityCriterion -- ExampleEntity is not valid
]]></system-out>
  <system-err><![CDATA[]]></system-err>
</testsuite>
