<?xml version="1.0" encoding="UTF-8"?>
<testsuite name="ExampleEntityProcessor Tests" tests="10" skipped="0" failures="0" errors="0" timestamp="2026-03-20T17:11:27" hostname="MacBook-Pro-Mac1.local" time="0.045">
  <properties/>
  <testcase name="Should fail processing when entity is invalid" classname="com.example.tests.ExampleEntityProcessorTest" time="0.009"/>
  <testcase name="Should process entity with items and calculate totals" classname="com.example.tests.ExampleEntityProcessorTest" time="0.008"/>
  <testcase name="Should process valid entity successfully" classname="com.example.tests.ExampleEntityProcessorTest" time="0.004"/>
  <testcase name="Should handle entity with empty items list" classname="com.example.tests.ExampleEntityProcessorTest" time="0.004"/>
  <testcase name="Should support correct operation specification" classname="com.example.tests.ExampleEntityProcessorTest" time="0.001"/>
  <testcase name="Should not support different operation name" classname="com.example.tests.ExampleEntityProcessorTest" time="0.001"/>
  <testcase name="Should populate response metadata correctly" classname="com.example.tests.ExampleEntityProcessorTest" time="0.004"/>
  <testcase name="Should handle entity with complete nested structures" classname="com.example.tests.ExampleEntityProcessorTest" time="0.006"/>
  <testcase name="Should handle entity with null items list" classname="com.example.tests.ExampleEntityProcessorTest" time="0.004"/>
  <testcase name="Should handle items with null itemTotal" classname="com.example.tests.ExampleEntityProcessorTest" time="0.004"/>
  <system-out><![CDATA[14:11:27.731 [Test worker] INFO com.example.application.processor.ExampleEntityProcessor -- Processing ExampleEntity for request: test-request-123
14:11:27.739 [Test worker] INFO com.example.application.processor.ExampleEntityProcessor -- Processing ExampleEntity for request: test-request-123
14:11:27.744 [Test worker] INFO com.example.application.processor.ExampleEntityProcessor -- ExampleEntity TEST-002 processed successfully
14:11:27.747 [Test worker] INFO com.example.application.processor.ExampleEntityProcessor -- Processing ExampleEntity for request: test-request-123
14:11:27.749 [Test worker] INFO com.example.application.processor.ExampleEntityProcessor -- ExampleEntity TEST-001 processed successfully
14:11:27.751 [Test worker] INFO com.example.application.processor.ExampleEntityProcessor -- Processing ExampleEntity for request: test-request-123
14:11:27.753 [Test worker] INFO com.example.application.processor.ExampleEntityProcessor -- ExampleEntity TEST-004 processed successfully
14:11:27.756 [Test worker] INFO com.example.application.processor.ExampleEntityProcessor -- Processing ExampleEntity for request: custom-id-123
14:11:27.759 [Test worker] INFO com.example.application.processor.ExampleEntityProcessor -- ExampleEntity TEST-006 processed successfully
14:11:27.762 [Test worker] INFO com.example.application.processor.ExampleEntityProcessor -- Processing ExampleEntity for request: test-request-123
14:11:27.765 [Test worker] INFO com.example.application.processor.ExampleEntityProcessor -- ExampleEntity TEST-007 processed successfully
14:11:27.767 [Test worker] INFO com.example.application.processor.ExampleEntityProcessor -- Processing ExampleEntity for request: test-request-123
14:11:27.769 [Test worker] INFO com.example.application.processor.ExampleEntityProcessor -- ExampleEntity TEST-003 processed successfully
14:11:27.771 [Test worker] INFO com.example.application.processor.ExampleEntityProcessor -- Processing ExampleEntity for request: test-request-123
14:11:27.773 [Test worker] INFO com.example.application.processor.ExampleEntityProcessor -- ExampleEntity TEST-005 processed successfully
]]></system-out>
  <system-err><![CDATA[]]></system-err>
</testsuite>
