<?xml version="1.0" encoding="UTF-8"?>
<testsuite name="com.java_template.application.controller.AuthControllerTest" tests="2" skipped="0" failures="0" errors="0" timestamp="2026-03-20T17:11:28" hostname="MacBook-Pro-Mac1.local" time="0.05">
  <properties/>
  <testcase name="testLoginWithValidCredentials()" classname="com.java_template.application.controller.AuthControllerTest" time="0.046"/>
  <testcase name="testLoginWithInvalidCredentials()" classname="com.java_template.application.controller.AuthControllerTest" time="0.003"/>
  <system-out><![CDATA[14:11:27.844 [Test worker] INFO org.springframework.test.context.support.AnnotationConfigContextLoaderUtils -- Could not detect default configuration classes for test class [com.java_template.application.controller.AuthControllerTest]: AuthControllerTest does not declare any static, non-private, non-final, nested classes annotated with @Configuration.
14:11:27.936 [Test worker] INFO org.springframework.boot.test.context.SpringBootTestContextBootstrapper -- Found @SpringBootConfiguration com.java_template.Application for test class com.java_template.application.controller.AuthControllerTest

  .   ____          _            __ _ _
 /\\ / ___'_ __ _ _(_)_ __  __ _ \ \ \ \
( ( )\___ | '_ | '_| | '_ \/ _` | \ \ \ \
 \\/  ___)| |_)| | | | | || (_| |  ) ) ) )
  '  |____| .__|_| |_|_| |_\__, | / / / /
 =========|_|==============|___/=/_/_/_/

 :: Spring Boot ::                (v3.5.3)

2026-03-20T14:11:28.233-03:00  INFO 37529 --- [    Test worker] c.j.a.controller.AuthControllerTest      : Starting AuthControllerTest using Java 21.0.10 with PID 37529 (started by Victoria in /Users/Victoria/PycharmProjects/quart-client-template/java-client-template)
2026-03-20T14:11:28.234-03:00  INFO 37529 --- [    Test worker] c.j.a.controller.AuthControllerTest      : No active profile set, falling back to 1 default profile: "default"
2026-03-20T14:11:28.800-03:00  INFO 37529 --- [    Test worker] o.s.b.t.m.w.SpringBootMockServletContext : Initializing Spring TestDispatcherServlet ''
2026-03-20T14:11:28.800-03:00  INFO 37529 --- [    Test worker] o.s.t.web.servlet.TestDispatcherServlet  : Initializing Servlet ''
2026-03-20T14:11:28.800-03:00  INFO 37529 --- [    Test worker] o.s.t.web.servlet.TestDispatcherServlet  : Completed initialization in 0 ms
2026-03-20T14:11:28.812-03:00  INFO 37529 --- [    Test worker] c.j.a.controller.AuthControllerTest      : Started AuthControllerTest in 0.845 seconds (process running for 5.082)
]]></system-out>
  <system-err><![CDATA[]]></system-err>
</testsuite>
