<?xml version="1.0" encoding="UTF-8"?>
<testsuite name="CyodaInitConfig Tests" tests="9" skipped="0" failures="0" errors="0" timestamp="2026-03-20T17:11:29" hostname="MacBook-Pro-Mac1.local" time="0.015">
  <properties/>
  <testcase name="Should handle no arguments" classname="com.java_template.common.tool.CyodaInitConfigTest" time="0.011"/>
  <testcase name="Should parse -h flag correctly" classname="com.java_template.common.tool.CyodaInitConfigTest" time="0.002"/>
  <testcase name="Should parse --recreate-models flag correctly" classname="com.java_template.common.tool.CyodaInitConfigTest" time="0.0"/>
  <testcase name="Should parse --help flag correctly" classname="com.java_template.common.tool.CyodaInitConfigTest" time="0.001"/>
  <testcase name="Should parse multiple flags correctly" classname="com.java_template.common.tool.CyodaInitConfigTest" time="0.0"/>
  <testcase name="Default configuration should have all flags set to false" classname="com.java_template.common.tool.CyodaInitConfigTest" time="0.0"/>
  <testcase name="Record constructor should work correctly" classname="com.java_template.common.tool.CyodaInitConfigTest" time="0.0"/>
  <testcase name="withRecreateModels factory method should create correct config" classname="com.java_template.common.tool.CyodaInitConfigTest" time="0.0"/>
  <testcase name="withRecreateModels factory method with false should create correct config" classname="com.java_template.common.tool.CyodaInitConfigTest" time="0.001"/>
  <system-out><![CDATA[]]></system-out>
  <system-err><![CDATA[]]></system-err>
</testsuite>
