<?xml version="1.0" encoding="UTF-8"?>
<testsuite name="com.java_template.common.serializer.EvaluationChainTest" tests="27" skipped="0" failures="0" errors="0" timestamp="2026-03-20T17:11:29" hostname="MacBook-Pro-Mac1.local" time="0.014">
  <properties/>
  <testcase name="EvaluationChain should handle no evaluation performed" classname="com.java_template.common.serializer.EvaluationChainTest" time="0.0"/>
  <testcase name="EvaluationChain should handle entity Fail outcome with evaluation reason" classname="com.java_template.common.serializer.EvaluationChainTest" time="0.001"/>
  <testcase name="EvaluationChain evaluateEntity should extract entity and evaluate" classname="com.java_template.common.serializer.EvaluationChainTest" time="0.001"/>
  <testcase name="EvaluationChain should handle payload extraction error" classname="com.java_template.common.serializer.EvaluationChainTest" time="0.0"/>
  <testcase name="EvaluationChain should handle mixed evaluation types" classname="com.java_template.common.serializer.EvaluationChainTest" time="0.0"/>
  <testcase name="EvaluationChain should handle entity context access" classname="com.java_template.common.serializer.EvaluationChainTest" time="0.0"/>
  <testcase name="EvaluationChain should handle entity extraction failure" classname="com.java_template.common.serializer.EvaluationChainTest" time="0.001"/>
  <testcase name="EvaluationChain should handle multiple error handlers" classname="com.java_template.common.serializer.EvaluationChainTest" time="0.001"/>
  <testcase name="EvaluationChain should handle data quality failure outcome" classname="com.java_template.common.serializer.EvaluationChainTest" time="0.0"/>
  <testcase name="EvaluationChain evaluate should handle successful evaluation" classname="com.java_template.common.serializer.EvaluationChainTest" time="0.0"/>
  <testcase name="EvaluationChain should handle Fail outcome and create evaluation reason" classname="com.java_template.common.serializer.EvaluationChainTest" time="0.0"/>
  <testcase name="EvaluationChain should handle null error handler" classname="com.java_template.common.serializer.EvaluationChainTest" time="0.0"/>
  <testcase name="EvaluationChain should handle reason attachment strategies" classname="com.java_template.common.serializer.EvaluationChainTest" time="0.0"/>
  <testcase name="EvaluationChain evaluate should handle failed evaluation" classname="com.java_template.common.serializer.EvaluationChainTest" time="0.001"/>
  <testcase name="EvaluationChain should skip second evaluation if first succeeds" classname="com.java_template.common.serializer.EvaluationChainTest" time="0.0"/>
  <testcase name="EvaluationChain should handle evaluation with different failure types" classname="com.java_template.common.serializer.EvaluationChainTest" time="0.0"/>
  <testcase name="EvaluationChain should handle fluent chaining" classname="com.java_template.common.serializer.EvaluationChainTest" time="0.0"/>
  <testcase name="EvaluationChain should handle null reason attachment strategy" classname="com.java_template.common.serializer.EvaluationChainTest" time="0.001"/>
  <testcase name="EvaluationChain should handle evaluation exception" classname="com.java_template.common.serializer.EvaluationChainTest" time="0.0"/>
  <testcase name="EvaluationChain should handle entity evaluation exception" classname="com.java_template.common.serializer.EvaluationChainTest" time="0.001"/>
  <testcase name="EvaluationChain should handle structural failure outcome" classname="com.java_template.common.serializer.EvaluationChainTest" time="0.0"/>
  <testcase name="EvaluationChain should use custom error handler" classname="com.java_template.common.serializer.EvaluationChainTest" time="0.0"/>
  <testcase name="EvaluationChain should handle error propagation through chain" classname="com.java_template.common.serializer.EvaluationChainTest" time="0.001"/>
  <testcase name="EvaluationChain should use custom error handler when no evaluation performed" classname="com.java_template.common.serializer.EvaluationChainTest" time="0.0"/>
  <testcase name="EvaluationChain should handle context access in evaluations" classname="com.java_template.common.serializer.EvaluationChainTest" time="0.001"/>
  <testcase name="EvaluationChain should initialize with extracted payload" classname="com.java_template.common.serializer.EvaluationChainTest" time="0.0"/>
  <testcase name="EvaluationChain should skip evaluation if error already exists" classname="com.java_template.common.serializer.EvaluationChainTest" time="0.0"/>
  <system-out><![CDATA[]]></system-out>
  <system-err><![CDATA[]]></system-err>
</testsuite>
