<?xml version="1.0" encoding="UTF-8"?>
<testsuite name="com.java_template.application.controller.ProjectControllerTest" tests="3" skipped="0" failures="0" errors="0" timestamp="2026-03-20T17:11:29" hostname="MacBook-Pro-Mac1.local" time="0.032">
  <properties/>
  <testcase name="testGetProjectNotFound()" classname="com.java_template.application.controller.ProjectControllerTest" time="0.018"/>
  <testcase name="testCreateProject()" classname="com.java_template.application.controller.ProjectControllerTest" time="0.006"/>
  <testcase name="testGetAllProjects()" classname="com.java_template.application.controller.ProjectControllerTest" time="0.006"/>
  <system-out><![CDATA[2026-03-20T14:11:28.869-03:00  INFO 37529 --- [    Test worker] t.c.s.AnnotationConfigContextLoaderUtils : Could not detect default configuration classes for test class [com.java_template.application.controller.ProjectControllerTest]: ProjectControllerTest does not declare any static, non-private, non-final, nested classes annotated with @Configuration.
2026-03-20T14:11:28.873-03:00  INFO 37529 --- [    Test worker] .b.t.c.SpringBootTestContextBootstrapper : Found @SpringBootConfiguration com.java_template.Application for test class com.java_template.application.controller.ProjectControllerTest

  .   ____          _            __ _ _
 /\\ / ___'_ __ _ _(_)_ __  __ _ \ \ \ \
( ( )\___ | '_ | '_| | '_ \/ _` | \ \ \ \
 \\/  ___)| |_)| | | | | || (_| |  ) ) ) )
  '  |____| .__|_| |_|_| |_\__, | / / / /
 =========|_|==============|___/=/_/_/_/

 :: Spring Boot ::                (v3.5.3)

2026-03-20T14:11:28.891-03:00  INFO 37529 --- [    Test worker] c.j.a.controller.ProjectControllerTest   : Starting ProjectControllerTest using Java 21.0.10 with PID 37529 (started by Victoria in /Users/Victoria/PycharmProjects/quart-client-template/java-client-template)
2026-03-20T14:11:28.891-03:00  INFO 37529 --- [    Test worker] c.j.a.controller.ProjectControllerTest   : No active profile set, falling back to 1 default profile: "default"
2026-03-20T14:11:29.049-03:00  INFO 37529 --- [    Test worker] o.s.b.t.m.w.SpringBootMockServletContext : Initializing Spring TestDispatcherServlet ''
2026-03-20T14:11:29.049-03:00  INFO 37529 --- [    Test worker] o.s.t.web.servlet.TestDispatcherServlet  : Initializing Servlet ''
2026-03-20T14:11:29.050-03:00  INFO 37529 --- [    Test worker] o.s.t.web.servlet.TestDispatcherServlet  : Completed initialization in 1 ms
2026-03-20T14:11:29.053-03:00  INFO 37529 --- [    Test worker] c.j.a.controller.ProjectControllerTest   : Started ProjectControllerTest in 0.178 seconds (process running for 5.322)
]]></system-out>
  <system-err><![CDATA[]]></system-err>
</testsuite>
